{"D:\\0.WebProject\\react-comprehensive-project\\todolist\\src\\App.js": {"path":"D:\\0.WebProject\\react-comprehensive-project\\todolist\\src\\App.js","statementMap":{"0":{"start":{"line":11,"column":48},"end":{"line":11,"column":59}},"1":{"start":{"line":14,"column":36},"end":{"line":14,"column":102}},"2":{"start":{"line":14,"column":67},"end":{"line":14,"column":95}},"3":{"start":{"line":18,"column":4},"end":{"line":22,"column":18}},"4":{"start":{"line":19,"column":8},"end":{"line":21,"column":9}},"5":{"start":{"line":20,"column":12},"end":{"line":20,"column":80}},"6":{"start":{"line":20,"column":34},"end":{"line":20,"column":62}},"7":{"start":{"line":25,"column":23},"end":{"line":30,"column":6}},"8":{"start":{"line":26,"column":8},"end":{"line":29,"column":9}},"9":{"start":{"line":39,"column":23},"end":{"line":39,"column":38}},"10":{"start":{"line":41,"column":8},"end":{"line":41,"column":34}},"11":{"start":{"line":42,"column":8},"end":{"line":42,"column":70}},"12":{"start":{"line":42,"column":42},"end":{"line":42,"column":62}},"13":{"start":{"line":50,"column":24},"end":{"line":54,"column":9}},"14":{"start":{"line":51,"column":38},"end":{"line":51,"column":66}},"15":{"start":{"line":55,"column":8},"end":{"line":55,"column":69}},"16":{"start":{"line":55,"column":30},"end":{"line":55,"column":58}},"17":{"start":{"line":57,"column":28},"end":{"line":60,"column":9}},"18":{"start":{"line":61,"column":8},"end":{"line":61,"column":33}},"19":{"start":{"line":73,"column":28},"end":{"line":75,"column":10}},"20":{"start":{"line":74,"column":12},"end":{"line":74,"column":51}},"21":{"start":{"line":76,"column":8},"end":{"line":76,"column":33}},"22":{"start":{"line":84,"column":28},"end":{"line":86,"column":10}},"23":{"start":{"line":85,"column":12},"end":{"line":85,"column":37}},"24":{"start":{"line":87,"column":8},"end":{"line":87,"column":33}},"25":{"start":{"line":90,"column":4},"end":{"line":106,"column":6}}},"fnMap":{"0":{"name":"App","decl":{"start":{"line":9,"column":24},"end":{"line":9,"column":27}},"loc":{"start":{"line":9,"column":30},"end":{"line":107,"column":1}},"line":9},"1":{"name":"(anonymous_1)","decl":{"start":{"line":14,"column":55},"end":{"line":14,"column":56}},"loc":{"start":{"line":14,"column":67},"end":{"line":14,"column":95}},"line":14},"2":{"name":"(anonymous_2)","decl":{"start":{"line":18,"column":14},"end":{"line":18,"column":15}},"loc":{"start":{"line":18,"column":20},"end":{"line":22,"column":5}},"line":18},"3":{"name":"(anonymous_3)","decl":{"start":{"line":19,"column":15},"end":{"line":19,"column":16}},"loc":{"start":{"line":19,"column":21},"end":{"line":21,"column":9}},"line":19},"4":{"name":"(anonymous_4)","decl":{"start":{"line":20,"column":22},"end":{"line":20,"column":23}},"loc":{"start":{"line":20,"column":34},"end":{"line":20,"column":62}},"line":20},"5":{"name":"(anonymous_5)","decl":{"start":{"line":25,"column":32},"end":{"line":25,"column":33}},"loc":{"start":{"line":25,"column":42},"end":{"line":30,"column":5}},"line":25},"6":{"name":"onMemberChange","decl":{"start":{"line":37,"column":13},"end":{"line":37,"column":27}},"loc":{"start":{"line":37,"column":31},"end":{"line":43,"column":5}},"line":37},"7":{"name":"(anonymous_7)","decl":{"start":{"line":42,"column":30},"end":{"line":42,"column":31}},"loc":{"start":{"line":42,"column":42},"end":{"line":42,"column":62}},"line":42},"8":{"name":"onTodoAdd","decl":{"start":{"line":49,"column":13},"end":{"line":49,"column":22}},"loc":{"start":{"line":49,"column":36},"end":{"line":62,"column":5}},"line":49},"9":{"name":"(anonymous_9)","decl":{"start":{"line":51,"column":26},"end":{"line":51,"column":27}},"loc":{"start":{"line":51,"column":38},"end":{"line":51,"column":66}},"line":51},"10":{"name":"(anonymous_10)","decl":{"start":{"line":55,"column":18},"end":{"line":55,"column":19}},"loc":{"start":{"line":55,"column":30},"end":{"line":55,"column":58}},"line":55},"11":{"name":"onTodoChange","decl":{"start":{"line":72,"column":13},"end":{"line":72,"column":25}},"loc":{"start":{"line":72,"column":35},"end":{"line":77,"column":5}},"line":72},"12":{"name":"(anonymous_12)","decl":{"start":{"line":73,"column":41},"end":{"line":73,"column":42}},"loc":{"start":{"line":74,"column":12},"end":{"line":74,"column":51}},"line":74},"13":{"name":"onTodoDelete","decl":{"start":{"line":83,"column":13},"end":{"line":83,"column":25}},"loc":{"start":{"line":83,"column":41},"end":{"line":88,"column":5}},"line":83},"14":{"name":"(anonymous_14)","decl":{"start":{"line":84,"column":44},"end":{"line":84,"column":45}},"loc":{"start":{"line":85,"column":12},"end":{"line":85,"column":37}},"line":85}},"branchMap":{"0":{"loc":{"start":{"line":74,"column":12},"end":{"line":74,"column":51}},"type":"cond-expr","locations":[{"start":{"line":74,"column":37},"end":{"line":74,"column":44}},{"start":{"line":74,"column":47},"end":{"line":74,"column":51}}],"line":74}},"s":{"0":0,"1":0,"2":0,"3":0,"4":0,"5":0,"6":0,"7":0,"8":0,"9":0,"10":0,"11":0,"12":0,"13":0,"14":0,"15":0,"16":0,"17":0,"18":0,"19":0,"20":0,"21":0,"22":0,"23":0,"24":0,"25":0},"f":{"0":0,"1":0,"2":0,"3":0,"4":0,"5":0,"6":0,"7":0,"8":0,"9":0,"10":0,"11":0,"12":0,"13":0,"14":0},"b":{"0":[0,0]}}
,"D:\\0.WebProject\\react-comprehensive-project\\todolist\\src\\components\\MemberBoard\\MemberBoard.js": {"path":"D:\\0.WebProject\\react-comprehensive-project\\todolist\\src\\components\\MemberBoard\\MemberBoard.js","statementMap":{"0":{"start":{"line":4,"column":20},"end":{"line":8,"column":1}},"1":{"start":{"line":18,"column":4},"end":{"line":38,"column":5}},"2":{"start":{"line":27,"column":35},"end":{"line":27,"column":41}},"3":{"start":{"line":28,"column":16},"end":{"line":35,"column":17}}},"fnMap":{"0":{"name":"MemberBoard","decl":{"start":{"line":17,"column":24},"end":{"line":17,"column":35}},"loc":{"start":{"line":17,"column":84},"end":{"line":39,"column":1}},"line":17},"1":{"name":"(anonymous_1)","decl":{"start":{"line":26,"column":28},"end":{"line":26,"column":29}},"loc":{"start":{"line":26,"column":38},"end":{"line":36,"column":13}},"line":26}},"branchMap":{},"s":{"0":0,"1":0,"2":0,"3":0},"f":{"0":0,"1":0},"b":{}}
,"D:\\0.WebProject\\react-comprehensive-project\\todolist\\src\\components\\TodoBoard\\TodoList.js": {"path":"D:\\0.WebProject\\react-comprehensive-project\\todolist\\src\\components\\TodoBoard\\TodoList.js","statementMap":{"0":{"start":{"line":15,"column":4},"end":{"line":27,"column":5}},"1":{"start":{"line":18,"column":16},"end":{"line":23,"column":18}},"2":{"start":{"line":43,"column":31},"end":{"line":43,"column":35}},"3":{"start":{"line":46,"column":22},"end":{"line":46,"column":53}},"4":{"start":{"line":49,"column":38},"end":{"line":49,"column":53}},"5":{"start":{"line":52,"column":21},"end":{"line":52,"column":33}},"6":{"start":{"line":56,"column":26},"end":{"line":56,"column":53}},"7":{"start":{"line":57,"column":30},"end":{"line":57,"column":57}},"8":{"start":{"line":65,"column":8},"end":{"line":65,"column":44}},"9":{"start":{"line":65,"column":24},"end":{"line":65,"column":42}},"10":{"start":{"line":67,"column":8},"end":{"line":67,"column":33}},"11":{"start":{"line":74,"column":8},"end":{"line":74,"column":28}},"12":{"start":{"line":82,"column":22},"end":{"line":82,"column":31}},"13":{"start":{"line":84,"column":8},"end":{"line":91,"column":9}},"14":{"start":{"line":86,"column":16},"end":{"line":86,"column":46}},"15":{"start":{"line":87,"column":16},"end":{"line":87,"column":22}},"16":{"start":{"line":89,"column":16},"end":{"line":89,"column":67}},"17":{"start":{"line":90,"column":16},"end":{"line":90,"column":22}},"18":{"start":{"line":94,"column":8},"end":{"line":94,"column":30}},"19":{"start":{"line":102,"column":8},"end":{"line":102,"column":30}},"20":{"start":{"line":107,"column":24},"end":{"line":120,"column":17}},"21":{"start":{"line":122,"column":4},"end":{"line":149,"column":5}}},"fnMap":{"0":{"name":"TodoList","decl":{"start":{"line":13,"column":24},"end":{"line":13,"column":32}},"loc":{"start":{"line":13,"column":102},"end":{"line":28,"column":1}},"line":13},"1":{"name":"(anonymous_1)","decl":{"start":{"line":17,"column":26},"end":{"line":17,"column":27}},"loc":{"start":{"line":18,"column":16},"end":{"line":23,"column":18}},"line":18},"2":{"name":"TodoItem","decl":{"start":{"line":42,"column":9},"end":{"line":42,"column":17}},"loc":{"start":{"line":42,"column":55},"end":{"line":150,"column":1}},"line":42},"3":{"name":"onEdit","decl":{"start":{"line":63,"column":13},"end":{"line":63,"column":19}},"loc":{"start":{"line":63,"column":22},"end":{"line":68,"column":5}},"line":63},"4":{"name":"(anonymous_4)","decl":{"start":{"line":65,"column":18},"end":{"line":65,"column":19}},"loc":{"start":{"line":65,"column":24},"end":{"line":65,"column":42}},"line":65},"5":{"name":"onSave","decl":{"start":{"line":73,"column":13},"end":{"line":73,"column":19}},"loc":{"start":{"line":73,"column":22},"end":{"line":75,"column":5}},"line":73},"6":{"name":"onChange","decl":{"start":{"line":81,"column":13},"end":{"line":81,"column":21}},"loc":{"start":{"line":81,"column":25},"end":{"line":95,"column":5}},"line":81},"7":{"name":"onDelete","decl":{"start":{"line":101,"column":13},"end":{"line":101,"column":21}},"loc":{"start":{"line":101,"column":24},"end":{"line":103,"column":5}},"line":101}},"branchMap":{"0":{"loc":{"start":{"line":46,"column":22},"end":{"line":46,"column":53}},"type":"cond-expr","locations":[{"start":{"line":46,"column":41},"end":{"line":46,"column":45}},{"start":{"line":46,"column":48},"end":{"line":46,"column":53}}],"line":46},"1":{"loc":{"start":{"line":56,"column":26},"end":{"line":56,"column":53}},"type":"cond-expr","locations":[{"start":{"line":56,"column":38},"end":{"line":56,"column":44}},{"start":{"line":56,"column":47},"end":{"line":56,"column":53}}],"line":56},"2":{"loc":{"start":{"line":57,"column":30},"end":{"line":57,"column":57}},"type":"cond-expr","locations":[{"start":{"line":57,"column":42},"end":{"line":57,"column":48}},{"start":{"line":57,"column":51},"end":{"line":57,"column":57}}],"line":57},"3":{"loc":{"start":{"line":84,"column":8},"end":{"line":91,"column":9}},"type":"switch","locations":[{"start":{"line":85,"column":12},"end":{"line":87,"column":22}},{"start":{"line":88,"column":12},"end":{"line":90,"column":22}}],"line":84},"4":{"loc":{"start":{"line":89,"column":32},"end":{"line":89,"column":66}},"type":"cond-expr","locations":[{"start":{"line":89,"column":51},"end":{"line":89,"column":57}},{"start":{"line":89,"column":60},"end":{"line":89,"column":66}}],"line":89},"5":{"loc":{"start":{"line":107,"column":24},"end":{"line":120,"column":17}},"type":"cond-expr","locations":[{"start":{"line":108,"column":9},"end":{"line":114,"column":10}},{"start":{"line":115,"column":9},"end":{"line":120,"column":16}}],"line":107}},"s":{"0":0,"1":0,"2":0,"3":0,"4":0,"5":0,"6":0,"7":0,"8":0,"9":0,"10":0,"11":0,"12":0,"13":0,"14":0,"15":0,"16":0,"17":0,"18":0,"19":0,"20":0,"21":0},"f":{"0":0,"1":0,"2":0,"3":0,"4":0,"5":0,"6":0,"7":0},"b":{"0":[0,0],"1":[0,0],"2":[0,0],"3":[0,0],"4":[0,0],"5":[0,0]}}
}
