TN:
SF:src\App.js
FN:9,App
FN:14,(anonymous_1)
FN:18,(anonymous_2)
FN:19,(anonymous_3)
FN:20,(anonymous_4)
FN:25,(anonymous_5)
FN:37,onMemberChange
FN:42,(anonymous_7)
FN:49,onTodoAdd
FN:51,(anonymous_9)
FN:55,(anonymous_10)
FN:72,onTodoChange
FN:73,(anonymous_12)
FN:83,onTodoDelete
FN:84,(anonymous_14)
FNF:15
FNH:0
FNDA:0,App
FNDA:0,(anonymous_1)
FNDA:0,(anonymous_2)
FNDA:0,(anonymous_3)
FNDA:0,(anonymous_4)
FNDA:0,(anonymous_5)
FNDA:0,onMemberChange
FNDA:0,(anonymous_7)
FNDA:0,onTodoAdd
FNDA:0,(anonymous_9)
FNDA:0,(anonymous_10)
FNDA:0,onTodoChange
FNDA:0,(anonymous_12)
FNDA:0,onTodoDelete
FNDA:0,(anonymous_14)
DA:11,0
DA:14,0
DA:18,0
DA:19,0
DA:20,0
DA:25,0
DA:26,0
DA:39,0
DA:41,0
DA:42,0
DA:50,0
DA:51,0
DA:55,0
DA:57,0
DA:61,0
DA:73,0
DA:74,0
DA:76,0
DA:84,0
DA:85,0
DA:87,0
DA:90,0
LF:22
LH:0
BRDA:74,0,0,0
BRDA:74,0,1,0
BRF:2
BRH:0
end_of_record
TN:
SF:src\components\MemberBoard\MemberBoard.js
FN:17,MemberBoard
FN:26,(anonymous_1)
FNF:2
FNH:0
FNDA:0,MemberBoard
FNDA:0,(anonymous_1)
DA:4,0
DA:18,0
DA:27,0
DA:28,0
LF:4
LH:0
BRF:0
BRH:0
end_of_record
TN:
SF:src\components\TodoBoard\TodoList.js
FN:13,TodoList
FN:17,(anonymous_1)
FN:42,TodoItem
FN:63,onEdit
FN:65,(anonymous_4)
FN:73,onSave
FN:81,onChange
FN:101,onDelete
FNF:8
FNH:0
FNDA:0,TodoList
FNDA:0,(anonymous_1)
FNDA:0,TodoItem
FNDA:0,onEdit
FNDA:0,(anonymous_4)
FNDA:0,onSave
FNDA:0,onChange
FNDA:0,onDelete
DA:15,0
DA:18,0
DA:43,0
DA:46,0
DA:49,0
DA:52,0
DA:56,0
DA:57,0
DA:65,0
DA:67,0
DA:74,0
DA:82,0
DA:84,0
DA:86,0
DA:87,0
DA:89,0
DA:90,0
DA:94,0
DA:102,0
DA:107,0
DA:122,0
LF:21
LH:0
BRDA:46,0,0,0
BRDA:46,0,1,0
BRDA:56,1,0,0
BRDA:56,1,1,0
BRDA:57,2,0,0
BRDA:57,2,1,0
BRDA:84,3,0,0
BRDA:84,3,1,0
BRDA:89,4,0,0
BRDA:89,4,1,0
BRDA:107,5,0,0
BRDA:107,5,1,0
BRF:12
BRH:0
end_of_record
